build/app/intermediates/manifest_merge_blame_file/release/manifest-merger-blame-release-report.txt
1<?xml version="1.0" encoding="utf-8"?>
2<manifest xmlns:android="http://schemas.android.com/apk/res/android"
3    package="com.example.research_app"
4    android:versionCode="1"
5    android:versionName="1.0.0" >
6
7    <uses-sdk
8        android:minSdkVersion="19"
8-->src\main\AndroidManifest.xml
9        android:targetSdkVersion="33" />
9-->src\main\AndroidManifest.xml
10
11    <uses-permission android:name="android.permission.ACCESS_NOTIFICATION_POLICY" />
11-->src\main\AndroidManifest.xml:3:5-85
11-->src\main\AndroidManifest.xml:3:22-82
12    <uses-permission android:name="android.permission.READ_EXTERNAL_STORAGE" />
12-->src\main\AndroidManifest.xml:4:5-80
12-->src\main\AndroidManifest.xml:4:22-77
13    <uses-permission android:name="android.permission.MANAGE_EXTERNAL_STORAGE" />
13-->src\main\AndroidManifest.xml:5:5-82
13-->src\main\AndroidManifest.xml:5:22-79
14    <uses-permission android:name="android.permission.POST_NOTIFICATIONS" />
14-->src\main\AndroidManifest.xml:6:5-76
14-->src\main\AndroidManifest.xml:6:22-74
15    <uses-permission android:name="android.permission.INTERNET" />
15-->src\main\AndroidManifest.xml:8:5-67
15-->src\main\AndroidManifest.xml:8:22-64
16    <uses-permission android:name="android.permission.VIBRATE" />
16-->src\main\AndroidManifest.xml:9:5-65
16-->src\main\AndroidManifest.xml:9:22-63
17    <uses-permission android:name="android.permission.ACCESS_NETWORK_STATE" />
17-->[:firebase_analytics] AndroidManifest.xml:9:5-79
17-->[:firebase_analytics] AndroidManifest.xml:9:22-76
18    <uses-permission android:name="android.permission.WAKE_LOCK" /> <!-- Required by older versions of Google Play services to create IID tokens -->
18-->[:firebase_analytics] AndroidManifest.xml:11:5-68
18-->[:firebase_analytics] AndroidManifest.xml:11:22-65
19    <uses-permission android:name="com.google.android.c2dm.permission.RECEIVE" />
19-->[com.google.firebase:firebase-messaging:23.4.0] AndroidManifest.xml:26:5-82
19-->[com.google.firebase:firebase-messaging:23.4.0] AndroidManifest.xml:26:22-79
20    <uses-permission android:name="com.google.android.gms.permission.AD_ID" />
20-->[com.google.android.gms:play-services-measurement-api:21.5.0] AndroidManifest.xml:25:5-79
20-->[com.google.android.gms:play-services-measurement-api:21.5.0] AndroidManifest.xml:25:22-76
21    <uses-permission android:name="android.permission.ACCESS_ADSERVICES_ATTRIBUTION" />
21-->[com.google.android.gms:play-services-measurement-api:21.5.0] AndroidManifest.xml:26:5-88
21-->[com.google.android.gms:play-services-measurement-api:21.5.0] AndroidManifest.xml:26:22-85
22    <uses-permission android:name="android.permission.ACCESS_ADSERVICES_AD_ID" />
22-->[com.google.android.gms:play-services-measurement-api:21.5.0] AndroidManifest.xml:27:5-82
22-->[com.google.android.gms:play-services-measurement-api:21.5.0] AndroidManifest.xml:27:22-79
23    <uses-permission android:name="com.google.android.finsky.permission.BIND_GET_INSTALL_REFERRER_SERVICE" />
23-->[com.google.android.gms:play-services-measurement:21.5.0] AndroidManifest.xml:26:5-110
23-->[com.google.android.gms:play-services-measurement:21.5.0] AndroidManifest.xml:26:22-107
24
25    <permission
25-->[androidx.core:core:1.9.0] AndroidManifest.xml:22:5-24:47
26        android:name="com.example.research_app.DYNAMIC_RECEIVER_NOT_EXPORTED_PERMISSION"
26-->[androidx.core:core:1.9.0] AndroidManifest.xml:23:9-81
27        android:protectionLevel="signature" />
27-->[androidx.core:core:1.9.0] AndroidManifest.xml:24:9-44
28
29    <uses-permission android:name="com.example.research_app.DYNAMIC_RECEIVER_NOT_EXPORTED_PERMISSION" />
29-->[androidx.core:core:1.9.0] AndroidManifest.xml:26:5-97
29-->[androidx.core:core:1.9.0] AndroidManifest.xml:26:22-94
30
31    <application
32        android:name="android.app.Application"
32-->src\main\AndroidManifest.xml:12:9-42
33        android:appComponentFactory="androidx.core.app.CoreComponentFactory"
33-->[androidx.core:core:1.9.0] AndroidManifest.xml:28:18-86
34        android:icon="@mipmap/ic_launcher"
34-->src\main\AndroidManifest.xml:13:9-43
35        android:label="research_app" >
35-->src\main\AndroidManifest.xml:11:9-37
36        <activity
36-->src\main\AndroidManifest.xml:14:9-43:20
37            android:name="com.example.research_app.MainActivity"
37-->src\main\AndroidManifest.xml:15:13-41
38            android:configChanges="orientation|keyboardHidden|keyboard|screenSize|smallestScreenSize|locale|layoutDirection|fontScale|screenLayout|density|uiMode"
38-->src\main\AndroidManifest.xml:19:13-163
39            android:exported="true"
39-->src\main\AndroidManifest.xml:16:13-36
40            android:hardwareAccelerated="true"
40-->src\main\AndroidManifest.xml:20:13-47
41            android:launchMode="singleTop"
41-->src\main\AndroidManifest.xml:17:13-43
42            android:theme="@style/LaunchTheme"
42-->src\main\AndroidManifest.xml:18:13-47
43            android:windowSoftInputMode="adjustResize" >
43-->src\main\AndroidManifest.xml:21:13-55
44
45            <!--
46                 Specifies an Android theme to apply to this Activity as soon as
47                 the Android process has started. This theme is visible to the user
48                 while the Flutter UI initializes. After that, this theme continues
49                 to determine the Window background behind the Flutter UI.
50            -->
51            <meta-data
51-->src\main\AndroidManifest.xml:26:13-29:17
52                android:name="io.flutter.embedding.android.NormalTheme"
52-->src\main\AndroidManifest.xml:27:15-70
53                android:resource="@style/NormalTheme" />
53-->src\main\AndroidManifest.xml:28:15-52
54
55            <intent-filter>
55-->src\main\AndroidManifest.xml:30:13-33:29
56                <action android:name="android.intent.action.MAIN" />
56-->src\main\AndroidManifest.xml:31:17-68
56-->src\main\AndroidManifest.xml:31:25-66
57
58                <category android:name="android.intent.category.LAUNCHER" />
58-->src\main\AndroidManifest.xml:32:17-76
58-->src\main\AndroidManifest.xml:32:27-74
59            </intent-filter>
60            <intent-filter>
60-->src\main\AndroidManifest.xml:35:13-38:29
61                <action android:name="FLUTTER_NOTIFICATION_CLICK" />
61-->src\main\AndroidManifest.xml:36:17-69
61-->src\main\AndroidManifest.xml:36:25-66
62
63                <category android:name="android.intent.category.DEFAULT" />
63-->src\main\AndroidManifest.xml:37:17-76
63-->src\main\AndroidManifest.xml:37:27-73
64            </intent-filter>
65            <intent-filter>
65-->src\main\AndroidManifest.xml:40:13-42:29
66                <action android:name="com.google.firebase.MESSAGING_EVENT" />
66-->src\main\AndroidManifest.xml:41:17-78
66-->src\main\AndroidManifest.xml:41:25-75
67            </intent-filter>
68        </activity>
69        <!--
70             Don't delete the meta-data below.
71             This is used by the Flutter tool to generate GeneratedPluginRegistrant.java
72        -->
73        <meta-data
73-->src\main\AndroidManifest.xml:46:9-48:33
74            android:name="flutterEmbedding"
74-->src\main\AndroidManifest.xml:47:13-44
75            android:value="2" />
75-->src\main\AndroidManifest.xml:48:13-30
76
77        <service
77-->[:firebase_analytics] AndroidManifest.xml:14:9-18:19
78            android:name="com.google.firebase.components.ComponentDiscoveryService"
78-->[:firebase_analytics] AndroidManifest.xml:14:18-89
79            android:directBootAware="true"
79-->[com.google.firebase:firebase-common:20.4.2] AndroidManifest.xml:32:13-43
80            android:exported="false" >
80-->[com.google.firebase:firebase-messaging:23.4.0] AndroidManifest.xml:56:13-37
81            <meta-data
81-->[:firebase_analytics] AndroidManifest.xml:15:13-17:85
82                android:name="com.google.firebase.components:io.flutter.plugins.firebase.analytics.FlutterFirebaseAppRegistrar"
82-->[:firebase_analytics] AndroidManifest.xml:16:17-128
83                android:value="com.google.firebase.components.ComponentRegistrar" />
83-->[:firebase_analytics] AndroidManifest.xml:17:17-82
84            <meta-data
84-->[:firebase_messaging] AndroidManifest.xml:38:13-40:85
85                android:name="com.google.firebase.components:io.flutter.plugins.firebase.messaging.FlutterFirebaseAppRegistrar"
85-->[:firebase_messaging] AndroidManifest.xml:39:17-128
86                android:value="com.google.firebase.components.ComponentRegistrar" />
86-->[:firebase_messaging] AndroidManifest.xml:40:17-82
87            <meta-data
87-->[:firebase_core] AndroidManifest.xml:11:13-13:85
88                android:name="com.google.firebase.components:io.flutter.plugins.firebase.core.FlutterFirebaseCoreRegistrar"
88-->[:firebase_core] AndroidManifest.xml:12:17-124
89                android:value="com.google.firebase.components.ComponentRegistrar" />
89-->[:firebase_core] AndroidManifest.xml:13:17-82
90            <meta-data
90-->[com.google.firebase:firebase-messaging:23.4.0] AndroidManifest.xml:57:13-59:85
91                android:name="com.google.firebase.components:com.google.firebase.messaging.FirebaseMessagingKtxRegistrar"
91-->[com.google.firebase:firebase-messaging:23.4.0] AndroidManifest.xml:58:17-122
92                android:value="com.google.firebase.components.ComponentRegistrar" />
92-->[com.google.firebase:firebase-messaging:23.4.0] AndroidManifest.xml:59:17-82
93            <meta-data
93-->[com.google.firebase:firebase-messaging:23.4.0] AndroidManifest.xml:60:13-62:85
94                android:name="com.google.firebase.components:com.google.firebase.messaging.FirebaseMessagingRegistrar"
94-->[com.google.firebase:firebase-messaging:23.4.0] AndroidManifest.xml:61:17-119
95                android:value="com.google.firebase.components.ComponentRegistrar" />
95-->[com.google.firebase:firebase-messaging:23.4.0] AndroidManifest.xml:62:17-82
96            <meta-data
96-->[com.google.firebase:firebase-iid:21.1.0] AndroidManifest.xml:32:13-34:85
97                android:name="com.google.firebase.components:com.google.firebase.iid.Registrar"
97-->[com.google.firebase:firebase-iid:21.1.0] AndroidManifest.xml:33:17-96
98                android:value="com.google.firebase.components.ComponentRegistrar" />
98-->[com.google.firebase:firebase-iid:21.1.0] AndroidManifest.xml:34:17-82
99            <meta-data
99-->[com.google.android.gms:play-services-measurement-api:21.5.0] AndroidManifest.xml:37:13-39:85
100                android:name="com.google.firebase.components:com.google.firebase.analytics.connector.internal.AnalyticsConnectorRegistrar"
100-->[com.google.android.gms:play-services-measurement-api:21.5.0] AndroidManifest.xml:38:17-139
101                android:value="com.google.firebase.components.ComponentRegistrar" />
101-->[com.google.android.gms:play-services-measurement-api:21.5.0] AndroidManifest.xml:39:17-82
102            <meta-data
102-->[com.google.firebase:firebase-installations:17.2.0] AndroidManifest.xml:15:13-17:85
103                android:name="com.google.firebase.components:com.google.firebase.installations.FirebaseInstallationsKtxRegistrar"
103-->[com.google.firebase:firebase-installations:17.2.0] AndroidManifest.xml:16:17-130
104                android:value="com.google.firebase.components.ComponentRegistrar" />
104-->[com.google.firebase:firebase-installations:17.2.0] AndroidManifest.xml:17:17-82
105            <meta-data
105-->[com.google.firebase:firebase-installations:17.2.0] AndroidManifest.xml:18:13-20:85
106                android:name="com.google.firebase.components:com.google.firebase.installations.FirebaseInstallationsRegistrar"
106-->[com.google.firebase:firebase-installations:17.2.0] AndroidManifest.xml:19:17-127
107                android:value="com.google.firebase.components.ComponentRegistrar" />
107-->[com.google.firebase:firebase-installations:17.2.0] AndroidManifest.xml:20:17-82
108            <meta-data
108-->[com.google.firebase:firebase-common-ktx:20.4.2] AndroidManifest.xml:12:13-14:85
109                android:name="com.google.firebase.components:com.google.firebase.ktx.FirebaseCommonLegacyRegistrar"
109-->[com.google.firebase:firebase-common-ktx:20.4.2] AndroidManifest.xml:13:17-116
110                android:value="com.google.firebase.components.ComponentRegistrar" />
110-->[com.google.firebase:firebase-common-ktx:20.4.2] AndroidManifest.xml:14:17-82
111            <meta-data
111-->[com.google.firebase:firebase-common:20.4.2] AndroidManifest.xml:35:13-37:85
112                android:name="com.google.firebase.components:com.google.firebase.FirebaseCommonKtxRegistrar"
112-->[com.google.firebase:firebase-common:20.4.2] AndroidManifest.xml:36:17-109
113                android:value="com.google.firebase.components.ComponentRegistrar" />
113-->[com.google.firebase:firebase-common:20.4.2] AndroidManifest.xml:37:17-82
114            <meta-data
114-->[com.google.firebase:firebase-datatransport:18.1.7] AndroidManifest.xml:27:13-29:85
115                android:name="com.google.firebase.components:com.google.firebase.datatransport.TransportRegistrar"
115-->[com.google.firebase:firebase-datatransport:18.1.7] AndroidManifest.xml:28:17-115
116                android:value="com.google.firebase.components.ComponentRegistrar" />
116-->[com.google.firebase:firebase-datatransport:18.1.7] AndroidManifest.xml:29:17-82
117        </service>
118        <service
118-->[:firebase_messaging] AndroidManifest.xml:16:9-19:72
119            android:name="io.flutter.plugins.firebase.messaging.FlutterFirebaseMessagingBackgroundService"
119-->[:firebase_messaging] AndroidManifest.xml:17:13-107
120            android:exported="false"
120-->[:firebase_messaging] AndroidManifest.xml:18:13-37
121            android:permission="android.permission.BIND_JOB_SERVICE" />
121-->[:firebase_messaging] AndroidManifest.xml:19:13-69
122        <service
122-->[:firebase_messaging] AndroidManifest.xml:20:9-26:19
123            android:name="io.flutter.plugins.firebase.messaging.FlutterFirebaseMessagingService"
123-->[:firebase_messaging] AndroidManifest.xml:21:13-97
124            android:exported="false" >
124-->[:firebase_messaging] AndroidManifest.xml:22:13-37
125            <intent-filter>
125-->src\main\AndroidManifest.xml:40:13-42:29
126                <action android:name="com.google.firebase.MESSAGING_EVENT" />
126-->src\main\AndroidManifest.xml:41:17-78
126-->src\main\AndroidManifest.xml:41:25-75
127            </intent-filter>
128        </service>
129
130        <receiver
130-->[:firebase_messaging] AndroidManifest.xml:28:9-35:20
131            android:name="io.flutter.plugins.firebase.messaging.FlutterFirebaseMessagingReceiver"
131-->[:firebase_messaging] AndroidManifest.xml:29:13-98
132            android:exported="true"
132-->[:firebase_messaging] AndroidManifest.xml:30:13-36
133            android:permission="com.google.android.c2dm.permission.SEND" >
133-->[:firebase_messaging] AndroidManifest.xml:31:13-73
134            <intent-filter>
134-->[:firebase_messaging] AndroidManifest.xml:32:13-34:29
135                <action android:name="com.google.android.c2dm.intent.RECEIVE" />
135-->[:firebase_messaging] AndroidManifest.xml:33:17-81
135-->[:firebase_messaging] AndroidManifest.xml:33:25-78
136            </intent-filter>
137        </receiver>
138
139        <provider
139-->[:firebase_messaging] AndroidManifest.xml:43:9-47:38
140            android:name="io.flutter.plugins.firebase.messaging.FlutterFirebaseMessagingInitProvider"
140-->[:firebase_messaging] AndroidManifest.xml:44:13-102
141            android:authorities="com.example.research_app.flutterfirebasemessaginginitprovider"
141-->[:firebase_messaging] AndroidManifest.xml:45:13-88
142            android:exported="false"
142-->[:firebase_messaging] AndroidManifest.xml:46:13-37
143            android:initOrder="99" />
143-->[:firebase_messaging] AndroidManifest.xml:47:13-35
144
145        <receiver
145-->[com.google.firebase:firebase-messaging:23.4.0] AndroidManifest.xml:29:9-40:20
146            android:name="com.google.firebase.iid.FirebaseInstanceIdReceiver"
146-->[com.google.firebase:firebase-messaging:23.4.0] AndroidManifest.xml:30:13-78
147            android:exported="true"
147-->[com.google.firebase:firebase-messaging:23.4.0] AndroidManifest.xml:31:13-36
148            android:permission="com.google.android.c2dm.permission.SEND" >
148-->[com.google.firebase:firebase-messaging:23.4.0] AndroidManifest.xml:32:13-73
149            <intent-filter>
149-->[:firebase_messaging] AndroidManifest.xml:32:13-34:29
150                <action android:name="com.google.android.c2dm.intent.RECEIVE" />
150-->[:firebase_messaging] AndroidManifest.xml:33:17-81
150-->[:firebase_messaging] AndroidManifest.xml:33:25-78
151            </intent-filter>
152
153            <meta-data
153-->[com.google.firebase:firebase-messaging:23.4.0] AndroidManifest.xml:37:13-39:40
154                android:name="com.google.android.gms.cloudmessaging.FINISHED_AFTER_HANDLED"
154-->[com.google.firebase:firebase-messaging:23.4.0] AndroidManifest.xml:38:17-92
155                android:value="true" />
155-->[com.google.firebase:firebase-messaging:23.4.0] AndroidManifest.xml:39:17-37
156        </receiver>
157        <!--
158             FirebaseMessagingService performs security checks at runtime,
159             but set to not exported to explicitly avoid allowing another app to call it.
160        -->
161        <service
161-->[com.google.firebase:firebase-messaging:23.4.0] AndroidManifest.xml:46:9-53:19
162            android:name="com.google.firebase.messaging.FirebaseMessagingService"
162-->[com.google.firebase:firebase-messaging:23.4.0] AndroidManifest.xml:47:13-82
163            android:directBootAware="true"
163-->[com.google.firebase:firebase-messaging:23.4.0] AndroidManifest.xml:48:13-43
164            android:exported="false" >
164-->[com.google.firebase:firebase-messaging:23.4.0] AndroidManifest.xml:49:13-37
165            <intent-filter android:priority="-500" >
165-->src\main\AndroidManifest.xml:40:13-42:29
166                <action android:name="com.google.firebase.MESSAGING_EVENT" />
166-->src\main\AndroidManifest.xml:41:17-78
166-->src\main\AndroidManifest.xml:41:25-75
167            </intent-filter>
168        </service>
169
170        <property
170-->[com.google.android.gms:play-services-measurement-api:21.5.0] AndroidManifest.xml:30:9-32:61
171            android:name="android.adservices.AD_SERVICES_CONFIG"
171-->[com.google.android.gms:play-services-measurement-api:21.5.0] AndroidManifest.xml:31:13-65
172            android:resource="@xml/ga_ad_services_config" />
172-->[com.google.android.gms:play-services-measurement-api:21.5.0] AndroidManifest.xml:32:13-58
173
174        <provider
174-->[com.google.firebase:firebase-common:20.4.2] AndroidManifest.xml:23:9-28:39
175            android:name="com.google.firebase.provider.FirebaseInitProvider"
175-->[com.google.firebase:firebase-common:20.4.2] AndroidManifest.xml:24:13-77
176            android:authorities="com.example.research_app.firebaseinitprovider"
176-->[com.google.firebase:firebase-common:20.4.2] AndroidManifest.xml:25:13-72
177            android:directBootAware="true"
177-->[com.google.firebase:firebase-common:20.4.2] AndroidManifest.xml:26:13-43
178            android:exported="false"
178-->[com.google.firebase:firebase-common:20.4.2] AndroidManifest.xml:27:13-37
179            android:initOrder="100" />
179-->[com.google.firebase:firebase-common:20.4.2] AndroidManifest.xml:28:13-36
180
181        <receiver
181-->[com.google.android.gms:play-services-measurement:21.5.0] AndroidManifest.xml:29:9-33:20
182            android:name="com.google.android.gms.measurement.AppMeasurementReceiver"
182-->[com.google.android.gms:play-services-measurement:21.5.0] AndroidManifest.xml:30:13-85
183            android:enabled="true"
183-->[com.google.android.gms:play-services-measurement:21.5.0] AndroidManifest.xml:31:13-35
184            android:exported="false" >
184-->[com.google.android.gms:play-services-measurement:21.5.0] AndroidManifest.xml:32:13-37
185        </receiver>
186
187        <service
187-->[com.google.android.gms:play-services-measurement:21.5.0] AndroidManifest.xml:35:9-38:40
188            android:name="com.google.android.gms.measurement.AppMeasurementService"
188-->[com.google.android.gms:play-services-measurement:21.5.0] AndroidManifest.xml:36:13-84
189            android:enabled="true"
189-->[com.google.android.gms:play-services-measurement:21.5.0] AndroidManifest.xml:37:13-35
190            android:exported="false" />
190-->[com.google.android.gms:play-services-measurement:21.5.0] AndroidManifest.xml:38:13-37
191        <service
191-->[com.google.android.gms:play-services-measurement:21.5.0] AndroidManifest.xml:39:9-43:72
192            android:name="com.google.android.gms.measurement.AppMeasurementJobService"
192-->[com.google.android.gms:play-services-measurement:21.5.0] AndroidManifest.xml:40:13-87
193            android:enabled="true"
193-->[com.google.android.gms:play-services-measurement:21.5.0] AndroidManifest.xml:41:13-35
194            android:exported="false"
194-->[com.google.android.gms:play-services-measurement:21.5.0] AndroidManifest.xml:42:13-37
195            android:permission="android.permission.BIND_JOB_SERVICE" />
195-->[com.google.android.gms:play-services-measurement:21.5.0] AndroidManifest.xml:43:13-69
196        <service
196-->[com.google.android.datatransport:transport-backend-cct:3.1.8] AndroidManifest.xml:28:9-34:19
197            android:name="com.google.android.datatransport.runtime.backends.TransportBackendDiscovery"
197-->[com.google.android.datatransport:transport-backend-cct:3.1.8] AndroidManifest.xml:29:13-103
198            android:exported="false" >
198-->[com.google.android.datatransport:transport-backend-cct:3.1.8] AndroidManifest.xml:30:13-37
199            <meta-data
199-->[com.google.android.datatransport:transport-backend-cct:3.1.8] AndroidManifest.xml:31:13-33:39
200                android:name="backend:com.google.android.datatransport.cct.CctBackendFactory"
200-->[com.google.android.datatransport:transport-backend-cct:3.1.8] AndroidManifest.xml:32:17-94
201                android:value="cct" />
201-->[com.google.android.datatransport:transport-backend-cct:3.1.8] AndroidManifest.xml:33:17-36
202        </service>
203        <service
203-->[com.google.android.datatransport:transport-runtime:3.1.8] AndroidManifest.xml:26:9-30:19
204            android:name="com.google.android.datatransport.runtime.scheduling.jobscheduling.JobInfoSchedulerService"
204-->[com.google.android.datatransport:transport-runtime:3.1.8] AndroidManifest.xml:27:13-117
205            android:exported="false"
205-->[com.google.android.datatransport:transport-runtime:3.1.8] AndroidManifest.xml:28:13-37
206            android:permission="android.permission.BIND_JOB_SERVICE" >
206-->[com.google.android.datatransport:transport-runtime:3.1.8] AndroidManifest.xml:29:13-69
207        </service>
208
209        <receiver
209-->[com.google.android.datatransport:transport-runtime:3.1.8] AndroidManifest.xml:32:9-34:40
210            android:name="com.google.android.datatransport.runtime.scheduling.jobscheduling.AlarmManagerSchedulerBroadcastReceiver"
210-->[com.google.android.datatransport:transport-runtime:3.1.8] AndroidManifest.xml:33:13-132
211            android:exported="false" />
211-->[com.google.android.datatransport:transport-runtime:3.1.8] AndroidManifest.xml:34:13-37
212
213        <activity
213-->[com.google.android.gms:play-services-base:18.0.1] AndroidManifest.xml:20:9-22:45
214            android:name="com.google.android.gms.common.api.GoogleApiActivity"
214-->[com.google.android.gms:play-services-base:18.0.1] AndroidManifest.xml:20:19-85
215            android:exported="false"
215-->[com.google.android.gms:play-services-base:18.0.1] AndroidManifest.xml:22:19-43
216            android:theme="@android:style/Theme.Translucent.NoTitleBar" />
216-->[com.google.android.gms:play-services-base:18.0.1] AndroidManifest.xml:21:19-78
217
218        <uses-library
218-->[androidx.privacysandbox.ads:ads-adservices:1.0.0-beta05] AndroidManifest.xml:23:9-25:40
219            android:name="android.ext.adservices"
219-->[androidx.privacysandbox.ads:ads-adservices:1.0.0-beta05] AndroidManifest.xml:24:13-50
220            android:required="false" />
220-->[androidx.privacysandbox.ads:ads-adservices:1.0.0-beta05] AndroidManifest.xml:25:13-37
221        <uses-library
221-->[androidx.window:window:1.0.0-beta04] AndroidManifest.xml:25:9-27:40
222            android:name="androidx.window.extensions"
222-->[androidx.window:window:1.0.0-beta04] AndroidManifest.xml:26:13-54
223            android:required="false" />
223-->[androidx.window:window:1.0.0-beta04] AndroidManifest.xml:27:13-37
224        <uses-library
224-->[androidx.window:window:1.0.0-beta04] AndroidManifest.xml:28:9-30:40
225            android:name="androidx.window.sidecar"
225-->[androidx.window:window:1.0.0-beta04] AndroidManifest.xml:29:13-51
226            android:required="false" />
226-->[androidx.window:window:1.0.0-beta04] AndroidManifest.xml:30:13-37
227
228        <meta-data
228-->[com.google.android.gms:play-services-basement:18.1.0] AndroidManifest.xml:21:9-23:69
229            android:name="com.google.android.gms.version"
229-->[com.google.android.gms:play-services-basement:18.1.0] AndroidManifest.xml:22:13-58
230            android:value="@integer/google_play_services_version" />
230-->[com.google.android.gms:play-services-basement:18.1.0] AndroidManifest.xml:23:13-66
231    </application>
232
233</manifest>